[object Object]
[object Object]
[object Object]
Mon Feb 08 2016 18:55:21 GMT+0000 (UTC) |||| [object Object]
Mon Feb 08 2016 18:55:50 GMT+0000 (UTC) |||| [object Object]
Mon Feb 08 2016 19:10:54 GMT+0000 (UTC) |||| [object Object]
Mon Feb 08 2016 19:11:18 GMT+0000 (UTC) |||| [object Object]
Mon Feb 08 2016 19:11:25 GMT+0000 (UTC) |||| [object Object]
Mon Feb 08 2016 19:13:55 GMT+0000 (UTC) |||| [object Object]
Mon Feb 08 2016 19:14:02 GMT+0000 (UTC) |||| [object Object]
Mon Feb 08 2016 19:15:08 GMT+0000 (UTC) |||| [object Object]
Mon Feb 08 2016 19:16:05 GMT+0000 (UTC) |||| [object Object]
Mon Feb 08 2016 19:24:18 GMT+0000 (UTC) |||| [object Object]
Mon Feb 08 2016 19:25:31 GMT+0000 (UTC) |||| [object Object]
Mon Feb 08 2016 19:30:42 GMT+0000 (UTC) |||| [object Object]
Mon Feb 08 2016 19:35:35 GMT+0000 (UTC) |||| [object Object]
Mon Feb 08 2016 20:32:11 GMT+0000 (UTC) |||| [object Object]
Mon Feb 08 2016 20:32:17 GMT+0000 (UTC) |||| [object Object]
Mon Feb 08 2016 20:33:32 GMT+0000 (UTC) |||| [object Object]
Mon Feb 08 2016 20:34:09 GMT+0000 (UTC) |||| [object Object]
Mon Feb 08 2016 20:44:54 GMT+0000 (UTC) |||| [object Object]
Mon Feb 08 2016 21:08:28 GMT+0000 (UTC) |||| [object Object]
Mon Feb 08 2016 21:20:01 GMT+0000 (UTC) |||| [object Object]
Mon Feb 08 2016 21:26:43 GMT+0000 (UTC) |||| [object Object]
Mon Feb 08 2016 21:45:09 GMT+0000 (UTC) |||| [object Object]
Mon Feb 08 2016 21:51:20 GMT+0000 (UTC) |||| [object Object]
Mon Feb 08 2016 21:53:29 GMT+0000 (UTC) |||| [object Object]
Mon Feb 08 2016 22:15:56 GMT+0000 (UTC) |||| [object Object]
Mon Feb 08 2016 22:28:26 GMT+0000 (UTC) |||| [object Object]
Mon Feb 08 2016 22:28:39 GMT+0000 (UTC) |||| [object Object]
Mon Feb 08 2016 22:35:32 GMT+0000 (UTC) |||| [object Object]
Mon Feb 08 2016 22:35:42 GMT+0000 (UTC) |||| [object Object]
Mon Feb 08 2016 22:36:12 GMT+0000 (UTC) |||| [object Object]
Mon Feb 08 2016 22:38:34 GMT+0000 (UTC) |||| [object Object]
Mon Feb 08 2016 22:39:23 GMT+0000 (UTC) |||| [object Object]
Mon Feb 08 2016 22:41:38 GMT+0000 (UTC) |||| [object Object]
Mon Feb 08 2016 22:41:42 GMT+0000 (UTC) |||| [object Object]
Mon Feb 08 2016 22:43:20 GMT+0000 (UTC) |||| [object Object]
Mon Feb 08 2016 22:48:07 GMT+0000 (UTC) |||| [object Object]
Mon Feb 08 2016 22:48:10 GMT+0000 (UTC) |||| [object Object]
Mon Feb 08 2016 22:57:12 GMT+0000 (UTC) |||| [object Object]
Mon Feb 08 2016 22:57:32 GMT+0000 (UTC) |||| [object Object]
Mon Feb 08 2016 22:57:52 GMT+0000 (UTC) |||| [object Object]
Mon Feb 08 2016 22:57:53 GMT+0000 (UTC) |||| [object Object]
Mon Feb 08 2016 23:01:39 GMT+0000 (UTC) |||| [object Object]
Mon Feb 08 2016 23:02:19 GMT+0000 (UTC) |||| [object Object]
Mon Feb 08 2016 23:04:41 GMT+0000 (UTC) |||| [object Object]
Mon Feb 08 2016 23:04:45 GMT+0000 (UTC) |||| [object Object]
Mon Feb 08 2016 23:05:32 GMT+0000 (UTC) |||| [object Object]
Mon Feb 08 2016 23:05:46 GMT+0000 (UTC) |||| [object Object]
Mon Feb 08 2016 23:06:37 GMT+0000 (UTC) |||| [object Object]
Mon Feb 08 2016 23:06:42 GMT+0000 (UTC) |||| [object Object]
Mon Feb 08 2016 23:07:20 GMT+0000 (UTC) |||| [object Object]
Mon Feb 08 2016 23:09:07 GMT+0000 (UTC) |||| [object Object]
Mon Feb 08 2016 23:09:29 GMT+0000 (UTC) |||| [object Object]
Mon Feb 08 2016 23:13:40 GMT+0000 (UTC) |||| [object Object]
Mon Feb 08 2016 23:14:17 GMT+0000 (UTC) |||| [object Object]
Mon Feb 08 2016 23:14:18 GMT+0000 (UTC) |||| [object Object]
Mon Feb 08 2016 23:16:06 GMT+0000 (UTC) |||| [object Object]
Mon Feb 08 2016 23:17:25 GMT+0000 (UTC) |||| [object Object]
Mon Feb 08 2016 23:17:45 GMT+0000 (UTC) |||| [object Object]
Mon Feb 08 2016 23:19:31 GMT+0000 (UTC) |||| [object Object]
Mon Feb 08 2016 23:22:27 GMT+0000 (UTC) |||| [object Object]
Mon Feb 08 2016 23:23:37 GMT+0000 (UTC) |||| [object Object]
Mon Feb 08 2016 23:23:47 GMT+0000 (UTC) |||| [object Object]
Mon Feb 08 2016 23:23:59 GMT+0000 (UTC) |||| [object Object]
Mon Feb 08 2016 23:24:48 GMT+0000 (UTC) |||| [object Object]
Mon Feb 08 2016 23:25:41 GMT+0000 (UTC) |||| [object Object]
Mon Feb 08 2016 23:27:43 GMT+0000 (UTC) |||| [object Object]
Mon Feb 08 2016 23:29:13 GMT+0000 (UTC) |||| [object Object]
Mon Feb 08 2016 23:30:51 GMT+0000 (UTC) |||| [object Object]
Mon Feb 08 2016 23:34:26 GMT+0000 (UTC) |||| [object Object]
Mon Feb 08 2016 23:35:56 GMT+0000 (UTC) |||| [object Object]
Mon Feb 08 2016 23:36:41 GMT+0000 (UTC) |||| [object Object]
Mon Feb 08 2016 23:37:11 GMT+0000 (UTC) |||| [object Object]
Mon Feb 08 2016 23:37:19 GMT+0000 (UTC) |||| [object Object]
Mon Feb 08 2016 23:38:36 GMT+0000 (UTC) |||| [object Object]
Mon Feb 08 2016 23:38:39 GMT+0000 (UTC) |||| [object Object]
Mon Feb 08 2016 23:41:07 GMT+0000 (UTC) |||| [object Object]
Mon Feb 08 2016 23:41:17 GMT+0000 (UTC) |||| [object Object]
Mon Feb 08 2016 23:42:00 GMT+0000 (UTC) |||| [object Object]
Mon Feb 08 2016 23:42:29 GMT+0000 (UTC) |||| [object Object]
Mon Feb 08 2016 23:43:04 GMT+0000 (UTC) |||| [object Object]
Mon Feb 08 2016 23:43:14 GMT+0000 (UTC) |||| [object Object]
Mon Feb 08 2016 23:43:33 GMT+0000 (UTC) |||| [object Object]
Mon Feb 08 2016 23:45:16 GMT+0000 (UTC) |||| [object Object]
Mon Feb 08 2016 23:45:27 GMT+0000 (UTC) |||| [object Object]
Mon Feb 08 2016 23:48:16 GMT+0000 (UTC) |||| [object Object]
Mon Feb 08 2016 23:54:27 GMT+0000 (UTC) |||| [object Object]
Mon Feb 08 2016 23:55:50 GMT+0000 (UTC) |||| [object Object]
Mon Feb 08 2016 23:56:49 GMT+0000 (UTC) |||| [object Object]
Mon Feb 08 2016 23:56:57 GMT+0000 (UTC) |||| [object Object]
Mon Feb 08 2016 23:57:15 GMT+0000 (UTC) |||| [object Object]
Mon Feb 08 2016 23:58:10 GMT+0000 (UTC) |||| [object Object]
Mon Feb 08 2016 23:59:28 GMT+0000 (UTC) |||| [object Object]
Tue Feb 09 2016 00:01:00 GMT+0000 (UTC) |||| [object Object]
Tue Feb 09 2016 00:01:09 GMT+0000 (UTC) |||| [object Object]
Tue Feb 09 2016 00:01:19 GMT+0000 (UTC) |||| [object Object]
Tue Feb 09 2016 00:01:39 GMT+0000 (UTC) |||| [object Object]
Tue Feb 09 2016 00:02:37 GMT+0000 (UTC) |||| [object Object]
Tue Feb 09 2016 00:03:27 GMT+0000 (UTC) |||| [object Object]
Tue Feb 09 2016 00:03:40 GMT+0000 (UTC) |||| [object Object]
Tue Feb 09 2016 00:03:47 GMT+0000 (UTC) |||| [object Object]
Tue Feb 09 2016 00:04:00 GMT+0000 (UTC) |||| [object Object]
Tue Feb 09 2016 00:04:14 GMT+0000 (UTC) |||| [object Object]
Tue Feb 09 2016 00:04:40 GMT+0000 (UTC) |||| [object Object]
Tue Feb 09 2016 00:05:21 GMT+0000 (UTC) |||| [object Object]
Tue Feb 09 2016 00:06:02 GMT+0000 (UTC) |||| [object Object]
Tue Feb 09 2016 00:08:50 GMT+0000 (UTC) |||| [object Object]
Tue Feb 09 2016 00:08:52 GMT+0000 (UTC) |||| [object Object]
Tue Feb 09 2016 00:10:54 GMT+0000 (UTC) |||| [object Object]
Tue Feb 09 2016 00:11:16 GMT+0000 (UTC) |||| [object Object]
Tue Feb 09 2016 00:14:31 GMT+0000 (UTC) |||| [object Object]
Tue Feb 09 2016 00:15:19 GMT+0000 (UTC) |||| [object Object]
Tue Feb 09 2016 00:15:47 GMT+0000 (UTC) |||| [object Object]
Tue Feb 09 2016 00:16:40 GMT+0000 (UTC) |||| [object Object]
Tue Feb 09 2016 00:17:24 GMT+0000 (UTC) |||| [object Object]
Tue Feb 09 2016 00:17:29 GMT+0000 (UTC) |||| [object Object]
Tue Feb 09 2016 00:19:59 GMT+0000 (UTC) |||| [object Object]
Tue Feb 09 2016 00:21:10 GMT+0000 (UTC) |||| [object Object]
Tue Feb 09 2016 00:21:13 GMT+0000 (UTC) |||| [object Object]
Tue Feb 09 2016 00:22:06 GMT+0000 (UTC) |||| [object Object]
Tue Feb 09 2016 00:23:28 GMT+0000 (UTC) |||| [object Object]
Tue Feb 09 2016 00:24:01 GMT+0000 (UTC) |||| [object Object]
Tue Feb 09 2016 00:24:10 GMT+0000 (UTC) |||| [object Object]
Tue Feb 09 2016 00:24:31 GMT+0000 (UTC) |||| [object Object]
Tue Feb 09 2016 00:26:12 GMT+0000 (UTC) |||| [object Object]
Tue Feb 09 2016 00:27:03 GMT+0000 (UTC) |||| [object Object]
Tue Feb 09 2016 00:27:09 GMT+0000 (UTC) |||| [object Object]
Tue Feb 09 2016 00:28:51 GMT+0000 (UTC) |||| [object Object]
Tue Feb 09 2016 00:31:55 GMT+0000 (UTC) |||| [object Object]
Tue Feb 09 2016 00:35:59 GMT+0000 (UTC) |||| [object Object]
Tue Feb 09 2016 00:36:19 GMT+0000 (UTC) |||| [object Object]
Tue Feb 09 2016 00:36:34 GMT+0000 (UTC) |||| [object Object]
Tue Feb 09 2016 00:37:00 GMT+0000 (UTC) |||| [object Object]
Tue Feb 09 2016 00:37:36 GMT+0000 (UTC) |||| [object Object]
Tue Feb 09 2016 00:38:16 GMT+0000 (UTC) |||| [object Object]
Tue Feb 09 2016 00:38:21 GMT+0000 (UTC) |||| [object Object]
Tue Feb 09 2016 00:38:37 GMT+0000 (UTC) |||| [object Object]
Tue Feb 09 2016 00:39:35 GMT+0000 (UTC) |||| [object Object]
Tue Feb 09 2016 00:40:21 GMT+0000 (UTC) |||| [object Object]
Tue Feb 09 2016 00:40:53 GMT+0000 (UTC) |||| [object Object]
Tue Feb 09 2016 00:40:58 GMT+0000 (UTC) |||| [object Object]
Tue Feb 09 2016 00:41:03 GMT+0000 (UTC) |||| [object Object]
Tue Feb 09 2016 00:42:04 GMT+0000 (UTC) |||| [object Object]
Tue Feb 09 2016 00:44:34 GMT+0000 (UTC) |||| [object Object]
Tue Feb 09 2016 00:44:40 GMT+0000 (UTC) |||| [object Object]
Tue Feb 09 2016 00:48:44 GMT+0000 (UTC) |||| [object Object]
Tue Feb 09 2016 00:50:05 GMT+0000 (UTC) |||| [object Object]
Tue Feb 09 2016 00:51:52 GMT+0000 (UTC) |||| [object Object]
Tue Feb 09 2016 00:53:26 GMT+0000 (UTC) |||| [object Object]
Tue Feb 09 2016 00:55:02 GMT+0000 (UTC) |||| [object Object]
Tue Feb 09 2016 00:55:03 GMT+0000 (UTC) |||| [object Object]
Tue Feb 09 2016 00:55:26 GMT+0000 (UTC) |||| [object Object]
Tue Feb 09 2016 00:58:58 GMT+0000 (UTC) |||| [object Object]
Tue Feb 09 2016 00:59:24 GMT+0000 (UTC) |||| [object Object]
Tue Feb 09 2016 01:00:43 GMT+0000 (UTC) |||| [object Object]
Tue Feb 09 2016 01:01:41 GMT+0000 (UTC) |||| [object Object]
Tue Feb 09 2016 01:08:37 GMT+0000 (UTC) |||| [object Object]
Tue Feb 09 2016 01:10:05 GMT+0000 (UTC) |||| [object Object]
Tue Feb 09 2016 01:12:13 GMT+0000 (UTC) |||| [object Object]
Tue Feb 09 2016 01:18:19 GMT+0000 (UTC) |||| [object Object]
Tue Feb 09 2016 01:18:24 GMT+0000 (UTC) |||| [object Object]
Tue Feb 09 2016 01:21:46 GMT+0000 (UTC) |||| [object Object]
Tue Feb 09 2016 01:25:42 GMT+0000 (UTC) |||| [object Object]
Tue Feb 09 2016 01:27:46 GMT+0000 (UTC) |||| [object Object]
Tue Feb 09 2016 01:27:47 GMT+0000 (UTC) |||| [object Object]
Tue Feb 09 2016 01:28:47 GMT+0000 (UTC) |||| [object Object]
Tue Feb 09 2016 01:34:39 GMT+0000 (UTC) |||| [object Object]
Tue Feb 09 2016 01:34:57 GMT+0000 (UTC) |||| [object Object]
Tue Feb 09 2016 01:35:53 GMT+0000 (UTC) |||| [object Object]
Tue Feb 09 2016 01:38:26 GMT+0000 (UTC) |||| [object Object]
Tue Feb 09 2016 01:39:13 GMT+0000 (UTC) |||| [object Object]
Tue Feb 09 2016 01:39:30 GMT+0000 (UTC) |||| [object Object]
Tue Feb 09 2016 01:43:48 GMT+0000 (UTC) |||| [object Object]
Tue Feb 09 2016 01:43:53 GMT+0000 (UTC) |||| [object Object]
Tue Feb 09 2016 01:47:18 GMT+0000 (UTC) |||| [object Object]
Tue Feb 09 2016 01:49:51 GMT+0000 (UTC) |||| [object Object]
Tue Feb 09 2016 01:50:01 GMT+0000 (UTC) |||| [object Object]
Tue Feb 09 2016 01:52:00 GMT+0000 (UTC) |||| [object Object]
Tue Feb 09 2016 01:52:51 GMT+0000 (UTC) |||| [object Object]
Tue Feb 09 2016 01:53:25 GMT+0000 (UTC) |||| [object Object]
Tue Feb 09 2016 01:59:42 GMT+0000 (UTC) |||| [object Object]
Tue Feb 09 2016 02:00:48 GMT+0000 (UTC) |||| [object Object]
Tue Feb 09 2016 02:01:39 GMT+0000 (UTC) |||| [object Object]
Tue Feb 09 2016 02:02:36 GMT+0000 (UTC) |||| [object Object]
Tue Feb 09 2016 02:02:47 GMT+0000 (UTC) |||| [object Object]
Tue Feb 09 2016 02:02:55 GMT+0000 (UTC) |||| [object Object]
Tue Feb 09 2016 02:03:02 GMT+0000 (UTC) |||| [object Object]
Tue Feb 09 2016 02:05:02 GMT+0000 (UTC) |||| [object Object]
Tue Feb 09 2016 02:10:43 GMT+0000 (UTC) |||| [object Object]
Tue Feb 09 2016 02:11:30 GMT+0000 (UTC) |||| [object Object]
Tue Feb 09 2016 02:11:41 GMT+0000 (UTC) |||| [object Object]
Tue Feb 09 2016 02:12:33 GMT+0000 (UTC) |||| [object Object]
Tue Feb 09 2016 02:14:28 GMT+0000 (UTC) |||| [object Object]
Tue Feb 09 2016 02:15:03 GMT+0000 (UTC) |||| [object Object]
Tue Feb 09 2016 02:15:05 GMT+0000 (UTC) |||| [object Object]
Tue Feb 09 2016 02:16:32 GMT+0000 (UTC) |||| [object Object]
Tue Feb 09 2016 02:16:57 GMT+0000 (UTC) |||| [object Object]
Tue Feb 09 2016 02:17:26 GMT+0000 (UTC) |||| [object Object]
Tue Feb 09 2016 02:18:46 GMT+0000 (UTC) |||| [object Object]
Tue Feb 09 2016 02:21:30 GMT+0000 (UTC) |||| [object Object]
Tue Feb 09 2016 02:22:17 GMT+0000 (UTC) |||| [object Object]
Tue Feb 09 2016 02:25:51 GMT+0000 (UTC) |||| [object Object]
Tue Feb 09 2016 02:28:31 GMT+0000 (UTC) |||| [object Object]
Tue Feb 09 2016 02:30:46 GMT+0000 (UTC) |||| [object Object]
Tue Feb 09 2016 02:31:12 GMT+0000 (UTC) |||| [object Object]
Tue Feb 09 2016 02:31:20 GMT+0000 (UTC) |||| [object Object]
Tue Feb 09 2016 02:39:21 GMT+0000 (UTC) |||| [object Object]
Tue Feb 09 2016 02:59:06 GMT+0000 (UTC) |||| [object Object]
Tue Feb 09 2016 02:59:30 GMT+0000 (UTC) |||| [object Object]
Tue Feb 09 2016 03:03:53 GMT+0000 (UTC) |||| [object Object]
Tue Feb 09 2016 03:09:20 GMT+0000 (UTC) |||| [object Object]
Tue Feb 09 2016 03:14:20 GMT+0000 (UTC) |||| [object Object]
Tue Feb 09 2016 03:20:08 GMT+0000 (UTC) |||| [object Object]
Tue Feb 09 2016 03:24:18 GMT+0000 (UTC) |||| [object Object]
Tue Feb 09 2016 03:25:38 GMT+0000 (UTC) |||| [object Object]
Tue Feb 09 2016 03:26:54 GMT+0000 (UTC) |||| [object Object]
Tue Feb 09 2016 03:27:20 GMT+0000 (UTC) |||| [object Object]
Tue Feb 09 2016 03:27:22 GMT+0000 (UTC) |||| [object Object]
Tue Feb 09 2016 03:27:22 GMT+0000 (UTC) |||| [object Object]
Tue Feb 09 2016 03:28:33 GMT+0000 (UTC) |||| [object Object]
Tue Feb 09 2016 03:30:58 GMT+0000 (UTC) |||| [object Object]
Tue Feb 09 2016 03:31:52 GMT+0000 (UTC) |||| [object Object]
Tue Feb 09 2016 03:32:00 GMT+0000 (UTC) |||| [object Object]
Tue Feb 09 2016 03:34:10 GMT+0000 (UTC) |||| [object Object]
Tue Feb 09 2016 03:40:19 GMT+0000 (UTC) |||| [object Object]
Tue Feb 09 2016 03:46:38 GMT+0000 (UTC) |||| [object Object]
Tue Feb 09 2016 03:46:58 GMT+0000 (UTC) |||| [object Object]
Tue Feb 09 2016 03:53:52 GMT+0000 (UTC) |||| [object Object]
Tue Feb 09 2016 03:54:28 GMT+0000 (UTC) |||| [object Object]
Tue Feb 09 2016 03:59:37 GMT+0000 (UTC) |||| [object Object]
Tue Feb 09 2016 04:00:46 GMT+0000 (UTC) |||| [object Object]
Tue Feb 09 2016 04:00:59 GMT+0000 (UTC) |||| [object Object]
Tue Feb 09 2016 04:01:13 GMT+0000 (UTC) |||| [object Object]
Tue Feb 09 2016 04:04:36 GMT+0000 (UTC) |||| [object Object]
Tue Feb 09 2016 04:42:24 GMT+0000 (UTC) |||| [object Object]
Tue Feb 09 2016 04:46:23 GMT+0000 (UTC) |||| [object Object]
Tue Feb 09 2016 04:51:48 GMT+0000 (UTC) |||| [object Object]
Tue Feb 09 2016 05:02:21 GMT+0000 (UTC) |||| [object Object]
Tue Feb 09 2016 05:03:53 GMT+0000 (UTC) |||| [object Object]
Tue Feb 09 2016 05:05:55 GMT+0000 (UTC) |||| [object Object]
Tue Feb 09 2016 05:26:53 GMT+0000 (UTC) |||| [object Object]
Tue Feb 09 2016 06:50:17 GMT+0000 (UTC) |||| [object Object]
Tue Feb 09 2016 08:36:56 GMT+0000 (UTC) |||| [object Object]
Tue Feb 09 2016 08:37:45 GMT+0000 (UTC) |||| [object Object]
Tue Feb 09 2016 08:37:45 GMT+0000 (UTC) |||| [object Object]
Tue Feb 09 2016 08:37:45 GMT+0000 (UTC) |||| [object Object]
Tue Feb 09 2016 08:38:03 GMT+0000 (UTC) |||| [object Object]
Tue Feb 09 2016 08:39:58 GMT+0000 (UTC) |||| [object Object]
Tue Feb 09 2016 08:40:03 GMT+0000 (UTC) |||| [object Object]
Tue Feb 09 2016 08:40:04 GMT+0000 (UTC) |||| [object Object]
Tue Feb 09 2016 08:40:05 GMT+0000 (UTC) |||| [object Object]
Tue Feb 09 2016 08:40:30 GMT+0000 (UTC) |||| [object Object]
Tue Feb 09 2016 08:40:41 GMT+0000 (UTC) |||| [object Object]
Tue Feb 09 2016 08:40:45 GMT+0000 (UTC) |||| [object Object]
Tue Feb 09 2016 08:40:46 GMT+0000 (UTC) |||| [object Object]
Tue Feb 09 2016 08:40:48 GMT+0000 (UTC) |||| [object Object]
Tue Feb 09 2016 08:41:00 GMT+0000 (UTC) |||| [object Object]
Tue Feb 09 2016 08:41:02 GMT+0000 (UTC) |||| [object Object]
Tue Feb 09 2016 08:41:09 GMT+0000 (UTC) |||| [object Object]
Tue Feb 09 2016 08:41:34 GMT+0000 (UTC) |||| [object Object]
Tue Feb 09 2016 08:41:39 GMT+0000 (UTC) |||| [object Object]
Tue Feb 09 2016 08:41:41 GMT+0000 (UTC) |||| [object Object]
Tue Feb 09 2016 08:41:44 GMT+0000 (UTC) |||| [object Object]
Tue Feb 09 2016 08:41:46 GMT+0000 (UTC) |||| [object Object]
Tue Feb 09 2016 08:41:58 GMT+0000 (UTC) |||| [object Object]
Tue Feb 09 2016 08:42:00 GMT+0000 (UTC) |||| [object Object]
Tue Feb 09 2016 08:42:01 GMT+0000 (UTC) |||| [object Object]
Tue Feb 09 2016 08:42:01 GMT+0000 (UTC) |||| [object Object]
Tue Feb 09 2016 08:42:15 GMT+0000 (UTC) |||| [object Object]
Tue Feb 09 2016 08:42:30 GMT+0000 (UTC) |||| [object Object]
Tue Feb 09 2016 08:42:31 GMT+0000 (UTC) |||| [object Object]
Tue Feb 09 2016 08:42:31 GMT+0000 (UTC) |||| [object Object]
Tue Feb 09 2016 08:42:33 GMT+0000 (UTC) |||| [object Object]
Tue Feb 09 2016 08:42:40 GMT+0000 (UTC) |||| [object Object]
Tue Feb 09 2016 08:43:03 GMT+0000 (UTC) |||| [object Object]
Tue Feb 09 2016 08:43:03 GMT+0000 (UTC) |||| [object Object]
Tue Feb 09 2016 08:43:14 GMT+0000 (UTC) |||| [object Object]
Tue Feb 09 2016 08:43:18 GMT+0000 (UTC) |||| [object Object]
Tue Feb 09 2016 08:43:26 GMT+0000 (UTC) |||| [object Object]
Tue Feb 09 2016 08:43:43 GMT+0000 (UTC) |||| [object Object]
Tue Feb 09 2016 08:43:48 GMT+0000 (UTC) |||| [object Object]
Tue Feb 09 2016 08:44:26 GMT+0000 (UTC) |||| [object Object]
Tue Feb 09 2016 08:44:31 GMT+0000 (UTC) |||| [object Object]
Tue Feb 09 2016 08:44:34 GMT+0000 (UTC) |||| [object Object]
Tue Feb 09 2016 08:44:36 GMT+0000 (UTC) |||| [object Object]
Tue Feb 09 2016 08:44:41 GMT+0000 (UTC) |||| [object Object]
Tue Feb 09 2016 08:44:42 GMT+0000 (UTC) |||| [object Object]
Tue Feb 09 2016 08:44:55 GMT+0000 (UTC) |||| [object Object]
Tue Feb 09 2016 08:45:02 GMT+0000 (UTC) |||| [object Object]
Tue Feb 09 2016 08:45:15 GMT+0000 (UTC) |||| [object Object]
Tue Feb 09 2016 08:46:44 GMT+0000 (UTC) |||| [object Object]
Tue Feb 09 2016 08:47:13 GMT+0000 (UTC) |||| [object Object]
Tue Feb 09 2016 08:47:34 GMT+0000 (UTC) |||| [object Object]
Tue Feb 09 2016 08:48:16 GMT+0000 (UTC) |||| [object Object]
Tue Feb 09 2016 08:48:19 GMT+0000 (UTC) |||| [object Object]
Tue Feb 09 2016 08:48:22 GMT+0000 (UTC) |||| [object Object]
Tue Feb 09 2016 08:48:41 GMT+0000 (UTC) |||| [object Object]
Tue Feb 09 2016 08:48:48 GMT+0000 (UTC) |||| [object Object]
Tue Feb 09 2016 08:49:43 GMT+0000 (UTC) |||| [object Object]
Tue Feb 09 2016 08:50:27 GMT+0000 (UTC) |||| [object Object]
Tue Feb 09 2016 08:51:26 GMT+0000 (UTC) |||| [object Object]
Tue Feb 09 2016 08:51:52 GMT+0000 (UTC) |||| [object Object]
Tue Feb 09 2016 08:52:12 GMT+0000 (UTC) |||| [object Object]
Tue Feb 09 2016 08:53:37 GMT+0000 (UTC) |||| [object Object]
Tue Feb 09 2016 08:54:08 GMT+0000 (UTC) |||| [object Object]
Tue Feb 09 2016 08:54:11 GMT+0000 (UTC) |||| [object Object]
Tue Feb 09 2016 08:54:18 GMT+0000 (UTC) |||| [object Object]
Tue Feb 09 2016 08:54:26 GMT+0000 (UTC) |||| [object Object]
Tue Feb 09 2016 08:54:45 GMT+0000 (UTC) |||| [object Object]
Tue Feb 09 2016 08:56:34 GMT+0000 (UTC) |||| [object Object]
Tue Feb 09 2016 08:57:51 GMT+0000 (UTC) |||| [object Object]
Tue Feb 09 2016 08:58:38 GMT+0000 (UTC) |||| [object Object]
Tue Feb 09 2016 08:59:28 GMT+0000 (UTC) |||| [object Object]
Tue Feb 09 2016 09:01:08 GMT+0000 (UTC) |||| [object Object]
Tue Feb 09 2016 09:02:03 GMT+0000 (UTC) |||| [object Object]
Tue Feb 09 2016 09:04:07 GMT+0000 (UTC) |||| [object Object]
Tue Feb 09 2016 09:04:31 GMT+0000 (UTC) |||| [object Object]
Tue Feb 09 2016 09:06:58 GMT+0000 (UTC) |||| [object Object]
Tue Feb 09 2016 09:07:10 GMT+0000 (UTC) |||| [object Object]
Tue Feb 09 2016 09:07:21 GMT+0000 (UTC) |||| [object Object]
Tue Feb 09 2016 09:07:40 GMT+0000 (UTC) |||| [object Object]
Tue Feb 09 2016 09:11:07 GMT+0000 (UTC) |||| [object Object]
Tue Feb 09 2016 09:15:50 GMT+0000 (UTC) |||| [object Object]
Tue Feb 09 2016 09:17:39 GMT+0000 (UTC) |||| [object Object]
Tue Feb 09 2016 09:18:18 GMT+0000 (UTC) |||| [object Object]
Tue Feb 09 2016 09:18:26 GMT+0000 (UTC) |||| [object Object]
Tue Feb 09 2016 09:18:34 GMT+0000 (UTC) |||| [object Object]
Tue Feb 09 2016 09:18:35 GMT+0000 (UTC) |||| [object Object]
Tue Feb 09 2016 09:19:05 GMT+0000 (UTC) |||| [object Object]
Tue Feb 09 2016 09:19:25 GMT+0000 (UTC) |||| [object Object]
Tue Feb 09 2016 09:19:58 GMT+0000 (UTC) |||| [object Object]
Tue Feb 09 2016 09:20:00 GMT+0000 (UTC) |||| [object Object]
Tue Feb 09 2016 09:20:29 GMT+0000 (UTC) |||| [object Object]
Tue Feb 09 2016 09:23:36 GMT+0000 (UTC) |||| [object Object]
Tue Feb 09 2016 09:26:24 GMT+0000 (UTC) |||| [object Object]
Tue Feb 09 2016 09:26:46 GMT+0000 (UTC) |||| [object Object]
Tue Feb 09 2016 09:27:06 GMT+0000 (UTC) |||| [object Object]
Tue Feb 09 2016 09:28:03 GMT+0000 (UTC) |||| [object Object]
Tue Feb 09 2016 09:34:39 GMT+0000 (UTC) |||| [object Object]
Tue Feb 09 2016 09:34:51 GMT+0000 (UTC) |||| [object Object]
Tue Feb 09 2016 09:35:57 GMT+0000 (UTC) |||| [object Object]
Tue Feb 09 2016 09:37:59 GMT+0000 (UTC) |||| [object Object]
Tue Feb 09 2016 09:51:09 GMT+0000 (UTC) |||| [object Object]
Tue Feb 09 2016 09:52:27 GMT+0000 (UTC) |||| [object Object]
Tue Feb 09 2016 09:52:48 GMT+0000 (UTC) |||| [object Object]
Tue Feb 09 2016 09:54:13 GMT+0000 (UTC) |||| [object Object]
Tue Feb 09 2016 09:54:22 GMT+0000 (UTC) |||| [object Object]
Tue Feb 09 2016 09:57:36 GMT+0000 (UTC) |||| [object Object]
Tue Feb 09 2016 10:08:52 GMT+0000 (UTC) |||| [object Object]
Tue Feb 09 2016 10:16:07 GMT+0000 (UTC) |||| [object Object]
Tue Feb 09 2016 10:19:40 GMT+0000 (UTC) |||| [object Object]
Tue Feb 09 2016 10:20:21 GMT+0000 (UTC) |||| [object Object]
Tue Feb 09 2016 10:27:04 GMT+0000 (UTC) |||| [object Object]
Tue Feb 09 2016 10:37:15 GMT+0000 (UTC) |||| [object Object]
Tue Feb 09 2016 10:49:11 GMT+0000 (UTC) |||| [object Object]
Tue Feb 09 2016 10:49:44 GMT+0000 (UTC) |||| [object Object]
Tue Feb 09 2016 11:07:34 GMT+0000 (UTC) |||| [object Object]
Tue Feb 09 2016 11:14:40 GMT+0000 (UTC) |||| [object Object]
Tue Feb 09 2016 11:33:53 GMT+0000 (UTC) |||| [object Object]
Tue Feb 09 2016 11:34:02 GMT+0000 (UTC) |||| [object Object]
Tue Feb 09 2016 11:36:44 GMT+0000 (UTC) |||| [object Object]
Tue Feb 09 2016 11:37:50 GMT+0000 (UTC) |||| [object Object]
Tue Feb 09 2016 11:40:40 GMT+0000 (UTC) |||| [object Object]
Tue Feb 09 2016 11:41:08 GMT+0000 (UTC) |||| [object Object]
Tue Feb 09 2016 11:41:28 GMT+0000 (UTC) |||| [object Object]
Tue Feb 09 2016 11:57:00 GMT+0000 (UTC) |||| [object Object]
Tue Feb 09 2016 11:57:08 GMT+0000 (UTC) |||| [object Object]
Tue Feb 09 2016 11:57:23 GMT+0000 (UTC) |||| [object Object]
Tue Feb 09 2016 12:03:49 GMT+0000 (UTC) |||| [object Object]
Tue Feb 09 2016 12:05:12 GMT+0000 (UTC) |||| [object Object]
Tue Feb 09 2016 12:44:39 GMT+0000 (UTC) |||| [object Object]
Tue Feb 09 2016 12:44:45 GMT+0000 (UTC) |||| [object Object]
Tue Feb 09 2016 13:43:31 GMT+0000 (UTC) |||| [object Object]
Tue Feb 09 2016 15:07:57 GMT+0000 (UTC) |||| [object Object]
Tue Feb 09 2016 15:09:01 GMT+0000 (UTC) |||| [object Object]
Tue Feb 09 2016 15:09:19 GMT+0000 (UTC) |||| [object Object]
Tue Feb 09 2016 15:09:37 GMT+0000 (UTC) |||| [object Object]
Tue Feb 09 2016 15:11:26 GMT+0000 (UTC) |||| [object Object]
Tue Feb 09 2016 15:11:43 GMT+0000 (UTC) |||| [object Object]
Tue Feb 09 2016 15:14:12 GMT+0000 (UTC) |||| [object Object]
Tue Feb 09 2016 15:16:49 GMT+0000 (UTC) |||| [object Object]
Tue Feb 09 2016 15:18:34 GMT+0000 (UTC) |||| [object Object]
Tue Feb 09 2016 15:20:09 GMT+0000 (UTC) |||| [object Object]
Tue Feb 09 2016 15:32:59 GMT+0000 (UTC) |||| [object Object]
Tue Feb 09 2016 20:16:35 GMT+0000 (UTC) |||| [object Object]
Tue Feb 09 2016 23:27:41 GMT+0000 (UTC) |||| [object Object]
Tue Feb 09 2016 23:34:09 GMT+0000 (UTC) |||| [object Object]
Wed Feb 10 2016 00:38:01 GMT+0000 (UTC) |||| [object Object]
Wed Feb 10 2016 00:47:32 GMT+0000 (UTC) |||| [object Object]
Wed Feb 10 2016 00:47:41 GMT+0000 (UTC) |||| [object Object]
Wed Feb 10 2016 01:06:13 GMT+0000 (UTC) |||| [object Object]
Wed Feb 10 2016 01:36:28 GMT+0000 (UTC) |||| [object Object]
Wed Feb 10 2016 01:39:07 GMT+0000 (UTC) |||| [object Object]
Wed Feb 10 2016 01:40:07 GMT+0000 (UTC) |||| [object Object]
Wed Feb 10 2016 01:45:02 GMT+0000 (UTC) |||| [object Object]
Wed Feb 10 2016 01:45:20 GMT+0000 (UTC) |||| [object Object]
Wed Feb 10 2016 02:00:42 GMT+0000 (UTC) |||| [object Object]
Wed Feb 10 2016 02:00:49 GMT+0000 (UTC) |||| [object Object]
Wed Feb 10 2016 04:02:15 GMT+0000 (UTC) |||| [object Object]
Wed Feb 10 2016 04:03:33 GMT+0000 (UTC) |||| [object Object]
Wed Feb 10 2016 05:48:53 GMT+0000 (UTC) |||| [object Object]
Wed Feb 10 2016 05:49:05 GMT+0000 (UTC) |||| [object Object]
Wed Feb 10 2016 05:49:08 GMT+0000 (UTC) |||| [object Object]
Wed Feb 10 2016 06:24:04 GMT+0000 (UTC) |||| [object Object]
Wed Feb 10 2016 06:24:35 GMT+0000 (UTC) |||| [object Object]
Wed Feb 10 2016 06:27:32 GMT+0000 (UTC) |||| [object Object]
Wed Feb 10 2016 07:16:26 GMT+0000 (UTC) |||| [object Object]
Wed Feb 10 2016 08:14:08 GMT+0000 (UTC) |||| [object Object]
Wed Feb 10 2016 10:37:26 GMT+0000 (UTC) |||| [object Object]
Wed Feb 10 2016 10:37:55 GMT+0000 (UTC) |||| [object Object]
Wed Feb 10 2016 10:39:55 GMT+0000 (UTC) |||| [object Object]
Wed Feb 10 2016 11:36:17 GMT+0000 (UTC) |||| [object Object]
Thu Feb 11 2016 01:41:44 GMT+0000 (UTC) |||| [object Object]
Thu Feb 11 2016 04:49:44 GMT+0000 (UTC) |||| [object Object]
Thu Feb 11 2016 05:17:22 GMT+0000 (UTC) |||| [object Object]
Thu Feb 11 2016 05:17:23 GMT+0000 (UTC) |||| [object Object]
Fri Feb 12 2016 05:14:06 GMT+0000 (UTC) |||| [object Object]
Fri Feb 12 2016 05:14:26 GMT+0000 (UTC) |||| [object Object]
Fri Feb 12 2016 05:17:59 GMT+0000 (UTC) |||| [object Object]
Fri Feb 12 2016 05:19:21 GMT+0000 (UTC) |||| [object Object]
Fri Feb 12 2016 05:19:35 GMT+0000 (UTC) |||| [object Object]
Sat Feb 13 2016 05:15:34 GMT+0000 (UTC) |||| [object Object]
Sat Feb 13 2016 05:32:02 GMT+0000 (UTC) |||| [object Object]
Sat Feb 13 2016 05:32:36 GMT+0000 (UTC) |||| [object Object]
Sat Feb 13 2016 06:45:09 GMT+0000 (UTC) |||| [object Object]
Sun Feb 14 2016 11:36:11 GMT+0000 (UTC) |||| [object Object]
Sun Feb 14 2016 11:36:48 GMT+0000 (UTC) |||| [object Object]
Sun Feb 14 2016 11:38:17 GMT+0000 (UTC) |||| [object Object]
Sun Feb 14 2016 11:38:47 GMT+0000 (UTC) |||| [object Object]
Sun Feb 14 2016 11:39:37 GMT+0000 (UTC) |||| [object Object]
Sun Feb 14 2016 12:43:49 GMT+0000 (UTC) |||| [object Object]
Sun Feb 14 2016 12:48:34 GMT+0000 (UTC) |||| [object Object]
Sun Feb 14 2016 12:48:41 GMT+0000 (UTC) |||| [object Object]
Sun Feb 14 2016 12:48:53 GMT+0000 (UTC) |||| [object Object]
Sun Feb 14 2016 12:49:06 GMT+0000 (UTC) |||| [object Object]
Sun Feb 14 2016 12:49:14 GMT+0000 (UTC) |||| [object Object]
Sun Feb 14 2016 12:56:53 GMT+0000 (UTC) |||| [object Object]
Sun Feb 14 2016 12:57:50 GMT+0000 (UTC) |||| [object Object]
Sun Feb 14 2016 12:58:36 GMT+0000 (UTC) |||| [object Object]
Sun Feb 14 2016 13:10:04 GMT+0000 (UTC) |||| [object Object]
Sun Feb 14 2016 13:10:17 GMT+0000 (UTC) |||| [object Object]
Sun Feb 14 2016 13:11:57 GMT+0000 (UTC) |||| [object Object]
Sun Feb 14 2016 13:20:15 GMT+0000 (UTC) |||| [object Object]
Sun Feb 14 2016 13:20:37 GMT+0000 (UTC) |||| [object Object]
Sun Feb 14 2016 13:20:57 GMT+0000 (UTC) |||| [object Object]
Sun Feb 14 2016 13:25:36 GMT+0000 (UTC) |||| [object Object]
Sun Feb 14 2016 13:26:04 GMT+0000 (UTC) |||| [object Object]
Sun Feb 14 2016 13:27:22 GMT+0000 (UTC) |||| [object Object]
Sun Feb 14 2016 13:31:48 GMT+0000 (UTC) |||| [object Object]
Sun Feb 14 2016 13:35:45 GMT+0000 (UTC) |||| [object Object]
Sun Feb 14 2016 13:36:29 GMT+0000 (UTC) |||| [object Object]
Sun Feb 14 2016 14:59:20 GMT+0000 (UTC) |||| [object Object]
Sun Feb 14 2016 15:02:40 GMT+0000 (UTC) |||| [object Object]
Sun Feb 14 2016 15:06:28 GMT+0000 (UTC) |||| [object Object]
Sun Feb 14 2016 15:06:35 GMT+0000 (UTC) |||| [object Object]
Sun Feb 14 2016 15:06:57 GMT+0000 (UTC) |||| [object Object]
Sun Feb 14 2016 15:07:17 GMT+0000 (UTC) |||| [object Object]
Sun Feb 14 2016 15:10:23 GMT+0000 (UTC) |||| [object Object]
Sun Feb 14 2016 15:10:58 GMT+0000 (UTC) |||| [object Object]
Sun Feb 14 2016 15:12:23 GMT+0000 (UTC) |||| [object Object]
Mon Feb 15 2016 04:57:55 GMT+0000 (UTC) |||| [object Object]
Tue Feb 16 2016 08:54:16 GMT+0000 (UTC) |||| [object Object]
Wed Feb 17 2016 15:03:31 GMT+0000 (UTC) |||| [object Object]
Thu Feb 18 2016 15:30:21 GMT+0000 (UTC) |||| [object Object]
Mon Feb 22 2016 05:15:12 GMT+0000 (UTC) |||| [object Object]
Mon Feb 22 2016 05:15:31 GMT+0000 (UTC) |||| [object Object]
Mon Feb 22 2016 05:18:06 GMT+0000 (UTC) |||| [object Object]
Mon Feb 22 2016 05:18:27 GMT+0000 (UTC) |||| [object Object]
Mon Feb 22 2016 05:18:53 GMT+0000 (UTC) |||| [object Object]
Mon Feb 22 2016 05:22:11 GMT+0000 (UTC) |||| [object Object]
Mon Feb 22 2016 05:22:40 GMT+0000 (UTC) |||| [object Object]
Mon Feb 22 2016 05:28:36 GMT+0000 (UTC) |||| [object Object]
Mon Feb 22 2016 05:28:54 GMT+0000 (UTC) |||| [object Object]
Mon Feb 22 2016 05:29:56 GMT+0000 (UTC) |||| [object Object]
Mon Feb 22 2016 05:35:02 GMT+0000 (UTC) |||| [object Object]
Mon Feb 22 2016 05:35:22 GMT+0000 (UTC) |||| [object Object]
Mon Feb 22 2016 05:35:50 GMT+0000 (UTC) |||| [object Object]
Mon Feb 22 2016 05:36:02 GMT+0000 (UTC) |||| [object Object]
Mon Feb 22 2016 05:36:28 GMT+0000 (UTC) |||| [object Object]
Mon Feb 22 2016 05:36:58 GMT+0000 (UTC) |||| [object Object]
Mon Feb 22 2016 05:37:39 GMT+0000 (UTC) |||| [object Object]
Mon Feb 22 2016 05:38:00 GMT+0000 (UTC) |||| [object Object]
Mon Feb 22 2016 05:38:29 GMT+0000 (UTC) |||| [object Object]
Mon Feb 22 2016 05:40:50 GMT+0000 (UTC) |||| [object Object]
Mon Feb 22 2016 05:41:29 GMT+0000 (UTC) |||| [object Object]
Mon Feb 22 2016 05:42:25 GMT+0000 (UTC) |||| [object Object]
Mon Feb 22 2016 05:57:02 GMT+0000 (UTC) |||| [object Object]
Mon Feb 22 2016 06:40:49 GMT+0000 (UTC) |||| [object Object]
Mon Feb 22 2016 08:09:14 GMT+0000 (UTC) |||| [object Object]
Mon Feb 22 2016 09:11:44 GMT+0000 (UTC) |||| [object Object]
Mon Feb 22 2016 09:12:06 GMT+0000 (UTC) |||| [object Object]
Mon Feb 22 2016 09:12:20 GMT+0000 (UTC) |||| [object Object]
Mon Feb 22 2016 09:12:27 GMT+0000 (UTC) |||| [object Object]
Mon Feb 22 2016 12:20:06 GMT+0000 (UTC) |||| [object Object]
Mon Feb 22 2016 12:20:21 GMT+0000 (UTC) |||| [object Object]
Mon Feb 22 2016 12:21:13 GMT+0000 (UTC) |||| [object Object]
Mon Feb 22 2016 12:23:01 GMT+0000 (UTC) |||| [object Object]
Mon Feb 22 2016 12:24:48 GMT+0000 (UTC) |||| [object Object]
Mon Feb 22 2016 12:33:26 GMT+0000 (UTC) |||| [object Object]
Mon Feb 22 2016 12:33:48 GMT+0000 (UTC) |||| [object Object]
Mon Feb 22 2016 12:33:54 GMT+0000 (UTC) |||| [object Object]
Mon Feb 22 2016 12:53:00 GMT+0000 (UTC) |||| [object Object]
Mon Feb 22 2016 12:53:33 GMT+0000 (UTC) |||| [object Object]
Mon Feb 22 2016 12:55:29 GMT+0000 (UTC) |||| [object Object]
Mon Feb 22 2016 13:00:12 GMT+0000 (UTC) |||| [object Object]
Mon Feb 22 2016 13:00:24 GMT+0000 (UTC) |||| [object Object]
Mon Feb 22 2016 13:09:21 GMT+0000 (UTC) |||| [object Object]
Mon Feb 22 2016 13:11:34 GMT+0000 (UTC) |||| [object Object]
Mon Feb 22 2016 13:12:46 GMT+0000 (UTC) |||| [object Object]
Mon Feb 22 2016 13:27:29 GMT+0000 (UTC) |||| [object Object]
Mon Feb 22 2016 13:27:42 GMT+0000 (UTC) |||| [object Object]
Mon Feb 22 2016 13:28:22 GMT+0000 (UTC) |||| [object Object]
Mon Feb 22 2016 13:40:44 GMT+0000 (UTC) |||| [object Object]
Mon Feb 22 2016 15:25:11 GMT+0000 (UTC) |||| [object Object]
Mon Feb 22 2016 15:25:24 GMT+0000 (UTC) |||| [object Object]
Mon Feb 22 2016 22:40:21 GMT+0000 (UTC) |||| [object Object]
Mon Feb 22 2016 22:40:41 GMT+0000 (UTC) |||| [object Object]
Mon Feb 22 2016 22:41:09 GMT+0000 (UTC) |||| [object Object]
Tue Mar 08 2016 05:46:25 GMT+0000 (UTC) |||| [object Object]
Tue Mar 08 2016 05:46:32 GMT+0000 (UTC) |||| [object Object]
Tue Mar 08 2016 05:46:54 GMT+0000 (UTC) |||| [object Object]
Tue Mar 08 2016 05:47:37 GMT+0000 (UTC) |||| [object Object]
Tue Mar 08 2016 05:47:55 GMT+0000 (UTC) |||| [object Object]
Tue Mar 08 2016 05:48:04 GMT+0000 (UTC) |||| [object Object]
Tue Mar 08 2016 05:54:10 GMT+0000 (UTC) |||| [object Object]
Tue Mar 08 2016 05:54:50 GMT+0000 (UTC) |||| [object Object]
Tue Mar 08 2016 06:11:05 GMT+0000 (UTC) |||| [object Object]
Tue Mar 08 2016 06:11:50 GMT+0000 (UTC) |||| [object Object]
Tue Mar 08 2016 07:03:53 GMT+0000 (UTC) |||| [object Object]
Tue Mar 08 2016 07:04:06 GMT+0000 (UTC) |||| [object Object]
Tue Mar 08 2016 07:07:38 GMT+0000 (UTC) |||| [object Object]
Tue Mar 08 2016 07:20:40 GMT+0000 (UTC) |||| [object Object]
Tue Mar 08 2016 07:21:21 GMT+0000 (UTC) |||| [object Object]
Tue Mar 08 2016 07:26:43 GMT+0000 (UTC) |||| [object Object]
Tue Mar 08 2016 07:36:33 GMT+0000 (UTC) |||| [object Object]
Tue Mar 08 2016 09:54:15 GMT+0000 (UTC) |||| [object Object]
Wed Mar 09 2016 08:22:58 GMT+0000 (UTC) |||| [object Object]
Wed Mar 09 2016 08:26:38 GMT+0000 (UTC) |||| [object Object]
Wed Mar 09 2016 10:14:46 GMT+0000 (UTC) |||| [object Object]
Wed Mar 09 2016 10:15:04 GMT+0000 (UTC) |||| [object Object]
Thu Mar 17 2016 03:23:38 GMT+0000 (UTC) |||| [object Object]
Thu Mar 17 2016 03:23:43 GMT+0000 (UTC) |||| [object Object]
Thu Mar 17 2016 03:24:15 GMT+0000 (UTC) |||| [object Object]
Thu Mar 17 2016 03:25:53 GMT+0000 (UTC) |||| [object Object]
Thu Mar 17 2016 03:26:12 GMT+0000 (UTC) |||| [object Object]
Thu Mar 17 2016 03:31:35 GMT+0000 (UTC) |||| [object Object]
Sun Mar 20 2016 14:10:48 GMT+0000 (UTC) |||| [object Object]
Sun Mar 20 2016 14:11:32 GMT+0000 (UTC) |||| [object Object]
Sun Mar 20 2016 14:11:39 GMT+0000 (UTC) |||| [object Object]
Sun Mar 20 2016 14:11:57 GMT+0000 (UTC) |||| [object Object]
Sun Mar 20 2016 14:12:19 GMT+0000 (UTC) |||| [object Object]
Sun Mar 20 2016 14:12:33 GMT+0000 (UTC) |||| [object Object]
Sun Mar 20 2016 14:12:38 GMT+0000 (UTC) |||| [object Object]
Sun Mar 20 2016 14:12:44 GMT+0000 (UTC) |||| [object Object]
Sun Mar 20 2016 14:12:51 GMT+0000 (UTC) |||| [object Object]
Sun Mar 20 2016 14:13:21 GMT+0000 (UTC) |||| [object Object]
Sun Mar 20 2016 14:16:25 GMT+0000 (UTC) |||| [object Object]
Sun Mar 20 2016 14:18:04 GMT+0000 (UTC) |||| [object Object]
Sun Mar 20 2016 14:18:29 GMT+0000 (UTC) |||| [object Object]
Sun Mar 20 2016 14:18:36 GMT+0000 (UTC) |||| [object Object]
Sun Mar 20 2016 14:19:27 GMT+0000 (UTC) |||| [object Object]
Sun Mar 20 2016 14:21:33 GMT+0000 (UTC) |||| [object Object]
Sun Mar 20 2016 14:23:22 GMT+0000 (UTC) |||| [object Object]
Sun Mar 20 2016 14:26:16 GMT+0000 (UTC) |||| [object Object]
Sun Mar 20 2016 14:27:19 GMT+0000 (UTC) |||| [object Object]
Sun Mar 20 2016 14:31:50 GMT+0000 (UTC) |||| [object Object]
Sun Mar 20 2016 14:43:30 GMT+0000 (UTC) |||| [object Object]
Sun Mar 20 2016 22:12:01 GMT+0000 (UTC) |||| [object Object]
Sun Mar 20 2016 22:13:25 GMT+0000 (UTC) |||| [object Object]
